# JRE version: OpenJDK Runtime Environment (8.0_152-b06) (build 1.8.0_152-release-1136-b06)
# Java VM: OpenJDK 64-Bit Server VM (25.152-b06 mixed mode windows-amd64 compressed oops)
Heap:
 PSYoungGen      total 454144K, used 115503K [0x00000000e0000000, 0x00000000ff900000, 0x0000000100000000)
  eden space 398336K, 25% used [0x00000000e0000000,0x00000000e6325ad8,0x00000000f8500000)
  from space 55808K, 25% used [0x00000000fc280000,0x00000000fd0264e0,0x00000000ff900000)
  to   space 59392K, 0% used [0x00000000f8500000,0x00000000f8500000,0x00000000fbf00000)
 ParOldGen       total 177152K, used 73653K [0x00000000a0000000, 0x00000000aad00000, 0x00000000e0000000)
  object space 177152K, 41% used [0x00000000a0000000,0x00000000a47ed458,0x00000000aad00000)
 Metaspace       used 158715K, capacity 165173K, committed 165208K, reserved 1193984K
  class space    used 18807K, capacity 19823K, committed 19840K, reserved 1048576K
GC Heap History (10 events):
Event: 2005.233 GC heap before
{Heap before GC invocations=43 (full 5):
 PSYoungGen      total 409088K, used 375480K [0x00000000e0000000, 0x00000000ff900000, 0x0000000100000000)
  eden space 346624K, 100% used [0x00000000e0000000,0x00000000f5280000,0x00000000f5280000)
  from space 62464K, 46% used [0x00000000f5280000,0x00000000f6eae328,0x00000000f8f80000)
  to   space 60416K, 0% used [0x00000000fbe00000,0x00000000fbe00000,0x00000000ff900000)
 ParOldGen       total 177152K, used 67576K [0x00000000a0000000, 0x00000000aad00000, 0x00000000e0000000)
  object space 177152K, 38% used [0x00000000a0000000,0x00000000a41fe258,0x00000000aad00000)
 Metaspace       used 140324K, capacity 145013K, committed 145240K, reserved 1177600K
  class space    used 16684K, capacity 17487K, committed 17536K, reserved 1048576K
Event: 2005.597 GC heap after
Heap after GC invocations=43 (full 5):
 PSYoungGen      total 450048K, used 51374K [0x00000000e0000000, 0x0000000100000000, 0x0000000100000000)
  eden space 389632K, 0% used [0x00000000e0000000,0x00000000e0000000,0x00000000f7c80000)
  from space 60416K, 85% used [0x00000000fbe00000,0x00000000ff02bab0,0x00000000ff900000)
  to   space 67072K, 0% used [0x00000000f7c80000,0x00000000f7c80000,0x00000000fbe00000)
 ParOldGen       total 177152K, used 68894K [0x00000000a0000000, 0x00000000aad00000, 0x00000000e0000000)
  object space 177152K, 38% used [0x00000000a0000000,0x00000000a4347940,0x00000000aad00000)
 Metaspace       used 140324K, capacity 145013K, committed 145240K, reserved 1177600K
  class space    used 16684K, capacity 17487K, committed 17536K, reserved 1048576K
}
Event: 2031.498 GC heap before
{Heap before GC invocations=44 (full 5):
 PSYoungGen      total 450048K, used 440466K [0x00000000e0000000, 0x0000000100000000, 0x0000000100000000)
  eden space 389632K, 99% used [0x00000000e0000000,0x00000000f7bf9128,0x00000000f7c80000)
  from space 60416K, 85% used [0x00000000fbe00000,0x00000000ff02bab0,0x00000000ff900000)
  to   space 67072K, 0% used [0x00000000f7c80000,0x00000000f7c80000,0x00000000fbe00000)
 ParOldGen       total 177152K, used 68894K [0x00000000a0000000, 0x00000000aad00000, 0x00000000e0000000)
  object space 177152K, 38% used [0x00000000a0000000,0x00000000a4347940,0x00000000aad00000)
 Metaspace       used 140390K, capacity 145097K, committed 145240K, reserved 1177600K
  class space    used 16684K, capacity 17487K, committed 17536K, reserved 1048576K
Event: 2031.805 GC heap after
Heap after GC invocations=44 (full 5):
 PSYoungGen      total 456704K, used 18427K [0x00000000e0000000, 0x0000000100000000, 0x0000000100000000)
  eden space 389632K, 0% used [0x00000000e0000000,0x00000000e0000000,0x00000000f7c80000)
  from space 67072K, 27% used [0x00000000f7c80000,0x00000000f8e7ec40,0x00000000fbe00000)
  to   space 64512K, 0% used [0x00000000fc100000,0x00000000fc100000,0x0000000100000000)
 ParOldGen       total 177152K, used 70220K [0x00000000a0000000, 0x00000000aad00000, 0x00000000e0000000)
  object space 177152K, 39% used [0x00000000a0000000,0x00000000a4493068,0x00000000aad00000)
 Metaspace       used 140390K, capacity 145097K, committed 145240K, reserved 1177600K
  class space    used 16684K, capacity 17487K, committed 17536K, reserved 1048576K
}
Event: 2160.930 GC heap before
{Heap before GC invocations=45 (full 5):
 PSYoungGen      total 456704K, used 408059K [0x00000000e0000000, 0x0000000100000000, 0x0000000100000000)
  eden space 389632K, 100% used [0x00000000e0000000,0x00000000f7c80000,0x00000000f7c80000)
  from space 67072K, 27% used [0x00000000f7c80000,0x00000000f8e7ec40,0x00000000fbe00000)
  to   space 64512K, 0% used [0x00000000fc100000,0x00000000fc100000,0x0000000100000000)
 ParOldGen       total 177152K, used 70220K [0x00000000a0000000, 0x00000000aad00000, 0x00000000e0000000)
  object space 177152K, 39% used [0x00000000a0000000,0x00000000a4493068,0x00000000aad00000)
 Metaspace       used 140522K, capacity 145387K, committed 145496K, reserved 1177600K
  class space    used 16700K, capacity 17514K, committed 17536K, reserved 1048576K
Event: 2161.200 GC heap after
Heap after GC invocations=45 (full 5):
 PSYoungGen      total 453632K, used 5600K [0x00000000e0000000, 0x00000000ffc80000, 0x0000000100000000)
  eden space 392704K, 0% used [0x00000000e0000000,0x00000000e0000000,0x00000000f7f80000)
  from space 60928K, 9% used [0x00000000fc100000,0x00000000fc678020,0x00000000ffc80000)
  to   space 64000K, 0% used [0x00000000f7f80000,0x00000000f7f80000,0x00000000fbe00000)
 ParOldGen       total 177152K, used 72613K [0x00000000a0000000, 0x00000000aad00000, 0x00000000e0000000)
  object space 177152K, 40% used [0x00000000a0000000,0x00000000a46e9418,0x00000000aad00000)
 Metaspace       used 140522K, capacity 145387K, committed 145496K, reserved 1177600K
  class space    used 16700K, capacity 17514K, committed 17536K, reserved 1048576K
}
Event: 2337.092 GC heap before
{Heap before GC invocations=46 (full 5):
 PSYoungGen      total 453632K, used 398304K [0x00000000e0000000, 0x00000000ffc80000, 0x0000000100000000)
  eden space 392704K, 100% used [0x00000000e0000000,0x00000000f7f80000,0x00000000f7f80000)
  from space 60928K, 9% used [0x00000000fc100000,0x00000000fc678020,0x00000000ffc80000)
  to   space 64000K, 0% used [0x00000000f7f80000,0x00000000f7f80000,0x00000000fbe00000)
 ParOldGen       total 177152K, used 72613K [0x00000000a0000000, 0x00000000aad00000, 0x00000000e0000000)
  object space 177152K, 40% used [0x00000000a0000000,0x00000000a46e9418,0x00000000aad00000)
 Metaspace       used 147527K, capacity 153823K, committed 153944K, reserved 1185792K
  class space    used 17556K, capacity 18552K, committed 18560K, reserved 1048576K
Event: 2337.197 GC heap after
Heap after GC invocations=46 (full 5):
 PSYoungGen      total 456704K, used 12227K [0x00000000e0000000, 0x00000000fff00000, 0x0000000100000000)
  eden space 392704K, 0% used [0x00000000e0000000,0x00000000e0000000,0x00000000f7f80000)
  from space 64000K, 19% used [0x00000000f7f80000,0x00000000f8b70fb8,0x00000000fbe00000)
  to   space 61952K, 0% used [0x00000000fc280000,0x00000000fc280000,0x00000000fff00000)
 ParOldGen       total 177152K, used 73133K [0x00000000a0000000, 0x00000000aad00000, 0x00000000e0000000)
  object space 177152K, 41% used [0x00000000a0000000,0x00000000a476b418,0x00000000aad00000)
 Metaspace       used 147527K, capacity 153823K, committed 153944K, reserved 1185792K
  class space    used 17556K, capacity 18552K, committed 18560K, reserved 1048576K
}
Event: 2414.698 GC heap before
{Heap before GC invocations=47 (full 5):
 PSYoungGen      total 456704K, used 404931K [0x00000000e0000000, 0x00000000fff00000, 0x0000000100000000)
  eden space 392704K, 100% used [0x00000000e0000000,0x00000000f7f80000,0x00000000f7f80000)
  from space 64000K, 19% used [0x00000000f7f80000,0x00000000f8b70fb8,0x00000000fbe00000)
  to   space 61952K, 0% used [0x00000000fc280000,0x00000000fc280000,0x00000000fff00000)
 ParOldGen       total 177152K, used 73133K [0x00000000a0000000, 0x00000000aad00000, 0x00000000e0000000)
  object space 177152K, 41% used [0x00000000a0000000,0x00000000a476b418,0x00000000aad00000)
 Metaspace       used 153536K, capacity 159973K, committed 160088K, reserved 1189888K
  class space    used 18224K, capacity 19239K, committed 19328K, reserved 1048576K
Event: 2414.894 GC heap after
Heap after GC invocations=47 (full 5):
 PSYoungGen      total 454144K, used 13977K [0x00000000e0000000, 0x00000000ff900000, 0x0000000100000000)
  eden space 398336K, 0% used [0x00000000e0000000,0x00000000e0000000,0x00000000f8500000)
  from space 55808K, 25% used [0x00000000fc280000,0x00000000fd0264e0,0x00000000ff900000)
  to   space 59392K, 0% used [0x00000000f8500000,0x00000000f8500000,0x00000000fbf00000)
 ParOldGen       total 177152K, used 73653K [0x00000000a0000000, 0x00000000aad00000, 0x00000000e0000000)
  object space 177152K, 41% used [0x00000000a0000000,0x00000000a47ed458,0x00000000aad00000)
 Metaspace       used 153536K, capacity 159973K, committed 160088K, reserved 1189888K
  class space    used 18224K, capacity 19239K, committed 19328K, reserved 1048576K
}

