# JRE version: OpenJDK Runtime Environment (8.0_152-b06) (build 1.8.0_152-release-1136-b06)
# Java VM: OpenJDK 64-Bit Server VM (25.152-b06 mixed mode windows-amd64 compressed oops)
Heap:
 PSYoungGen      total 192512K, used 158656K [0x00000000e0000000, 0x00000000ed080000, 0x0000000100000000)
  eden space 174592K, 85% used [0x00000000e0000000,0x00000000e9288cb0,0x00000000eaa80000)
  from space 17920K, 48% used [0x00000000eaa80000,0x00000000eb2e7648,0x00000000ebc00000)
  to   space 17408K, 0% used [0x00000000ebf80000,0x00000000ebf80000,0x00000000ed080000)
 ParOldGen       total 102400K, used 45049K [0x00000000a0000000, 0x00000000a6400000, 0x00000000e0000000)
  object space 102400K, 43% used [0x00000000a0000000,0x00000000a2bfe670,0x00000000a6400000)
 Metaspace       used 69330K, capacity 72072K, committed 72320K, reserved 1112064K
  class space    used 9043K, capacity 9732K, committed 9856K, reserved 1048576K
GC Heap History (10 events):
Event: 33.395 GC heap before
{Heap before GC invocations=16 (full 2):
 PSYoungGen      total 117248K, used 117246K [0x00000000e0000000, 0x00000000e9f00000, 0x0000000100000000)
  eden space 107520K, 100% used [0x00000000e0000000,0x00000000e6900000,0x00000000e6900000)
  from space 9728K, 99% used [0x00000000e6900000,0x00000000e727f990,0x00000000e7280000)
  to   space 13824K, 0% used [0x00000000e9180000,0x00000000e9180000,0x00000000e9f00000)
 ParOldGen       total 56832K, used 25536K [0x00000000a0000000, 0x00000000a3780000, 0x00000000e0000000)
  object space 56832K, 44% used [0x00000000a0000000,0x00000000a18f02f8,0x00000000a3780000)
 Metaspace       used 56080K, capacity 57848K, committed 58112K, reserved 1099776K
  class space    used 7693K, capacity 8137K, committed 8192K, reserved 1048576K
Event: 33.458 GC heap after
Heap after GC invocations=16 (full 2):
 PSYoungGen      total 148480K, used 10184K [0x00000000e0000000, 0x00000000ea400000, 0x0000000100000000)
  eden space 134656K, 0% used [0x00000000e0000000,0x00000000e0000000,0x00000000e8380000)
  from space 13824K, 73% used [0x00000000e9180000,0x00000000e9b721c8,0x00000000e9f00000)
  to   space 14336K, 0% used [0x00000000e8380000,0x00000000e8380000,0x00000000e9180000)
 ParOldGen       total 56832K, used 35222K [0x00000000a0000000, 0x00000000a3780000, 0x00000000e0000000)
  object space 56832K, 61% used [0x00000000a0000000,0x00000000a22659e8,0x00000000a3780000)
 Metaspace       used 56080K, capacity 57848K, committed 58112K, reserved 1099776K
  class space    used 7693K, capacity 8137K, committed 8192K, reserved 1048576K
}
Event: 35.582 GC heap before
{Heap before GC invocations=17 (full 2):
 PSYoungGen      total 148480K, used 122642K [0x00000000e0000000, 0x00000000ea400000, 0x0000000100000000)
  eden space 134656K, 83% used [0x00000000e0000000,0x00000000e6dd2798,0x00000000e8380000)
  from space 13824K, 73% used [0x00000000e9180000,0x00000000e9b721c8,0x00000000e9f00000)
  to   space 14336K, 0% used [0x00000000e8380000,0x00000000e8380000,0x00000000e9180000)
 ParOldGen       total 56832K, used 35222K [0x00000000a0000000, 0x00000000a3780000, 0x00000000e0000000)
  object space 56832K, 61% used [0x00000000a0000000,0x00000000a22659e8,0x00000000a3780000)
 Metaspace       used 57074K, capacity 58864K, committed 59008K, reserved 1099776K
  class space    used 7852K, capacity 8300K, committed 8320K, reserved 1048576K
Event: 35.631 GC heap after
Heap after GC invocations=17 (full 2):
 PSYoungGen      total 148992K, used 13105K [0x00000000e0000000, 0x00000000ece00000, 0x0000000100000000)
  eden space 134656K, 0% used [0x00000000e0000000,0x00000000e0000000,0x00000000e8380000)
  from space 14336K, 91% used [0x00000000e8380000,0x00000000e904c430,0x00000000e9180000)
  to   space 15872K, 0% used [0x00000000ebe80000,0x00000000ebe80000,0x00000000ece00000)
 ParOldGen       total 56832K, used 41530K [0x00000000a0000000, 0x00000000a3780000, 0x00000000e0000000)
  object space 56832K, 73% used [0x00000000a0000000,0x00000000a288e960,0x00000000a3780000)
 Metaspace       used 57074K, capacity 58864K, committed 59008K, reserved 1099776K
  class space    used 7852K, capacity 8300K, committed 8320K, reserved 1048576K
}
Event: 35.631 GC heap before
{Heap before GC invocations=18 (full 3):
 PSYoungGen      total 148992K, used 13105K [0x00000000e0000000, 0x00000000ece00000, 0x0000000100000000)
  eden space 134656K, 0% used [0x00000000e0000000,0x00000000e0000000,0x00000000e8380000)
  from space 14336K, 91% used [0x00000000e8380000,0x00000000e904c430,0x00000000e9180000)
  to   space 15872K, 0% used [0x00000000ebe80000,0x00000000ebe80000,0x00000000ece00000)
 ParOldGen       total 56832K, used 41530K [0x00000000a0000000, 0x00000000a3780000, 0x00000000e0000000)
  object space 56832K, 73% used [0x00000000a0000000,0x00000000a288e960,0x00000000a3780000)
 Metaspace       used 57074K, capacity 58864K, committed 59008K, reserved 1099776K
  class space    used 7852K, capacity 8300K, committed 8320K, reserved 1048576K
Event: 36.413 GC heap after
Heap after GC invocations=18 (full 3):
 PSYoungGen      total 148992K, used 0K [0x00000000e0000000, 0x00000000ece00000, 0x0000000100000000)
  eden space 134656K, 0% used [0x00000000e0000000,0x00000000e0000000,0x00000000e8380000)
  from space 14336K, 0% used [0x00000000e8380000,0x00000000e8380000,0x00000000e9180000)
  to   space 15872K, 0% used [0x00000000ebe80000,0x00000000ebe80000,0x00000000ece00000)
 ParOldGen       total 102400K, used 45041K [0x00000000a0000000, 0x00000000a6400000, 0x00000000e0000000)
  object space 102400K, 43% used [0x00000000a0000000,0x00000000a2bfc670,0x00000000a6400000)
 Metaspace       used 57074K, capacity 58864K, committed 59008K, reserved 1099776K
  class space    used 7852K, capacity 8300K, committed 8320K, reserved 1048576K
}
Event: 50.315 GC heap before
{Heap before GC invocations=19 (full 3):
 PSYoungGen      total 148992K, used 134656K [0x00000000e0000000, 0x00000000ece00000, 0x0000000100000000)
  eden space 134656K, 100% used [0x00000000e0000000,0x00000000e8380000,0x00000000e8380000)
  from space 14336K, 0% used [0x00000000e8380000,0x00000000e8380000,0x00000000e9180000)
  to   space 15872K, 0% used [0x00000000ebe80000,0x00000000ebe80000,0x00000000ece00000)
 ParOldGen       total 102400K, used 45041K [0x00000000a0000000, 0x00000000a6400000, 0x00000000e0000000)
  object space 102400K, 43% used [0x00000000a0000000,0x00000000a2bfc670,0x00000000a6400000)
 Metaspace       used 63138K, capacity 65358K, committed 65664K, reserved 1105920K
  class space    used 8453K, capacity 9001K, committed 9088K, reserved 1048576K
Event: 50.356 GC heap after
Heap after GC invocations=19 (full 3):
 PSYoungGen      total 176640K, used 15155K [0x00000000e0000000, 0x00000000ecd80000, 0x0000000100000000)
  eden space 161280K, 0% used [0x00000000e0000000,0x00000000e0000000,0x00000000e9d80000)
  from space 15360K, 98% used [0x00000000ebe80000,0x00000000ecd4cc08,0x00000000ecd80000)
  to   space 17920K, 0% used [0x00000000eaa80000,0x00000000eaa80000,0x00000000ebc00000)
 ParOldGen       total 102400K, used 45049K [0x00000000a0000000, 0x00000000a6400000, 0x00000000e0000000)
  object space 102400K, 43% used [0x00000000a0000000,0x00000000a2bfe670,0x00000000a6400000)
 Metaspace       used 63138K, capacity 65358K, committed 65664K, reserved 1105920K
  class space    used 8453K, capacity 9001K, committed 9088K, reserved 1048576K
}
Event: 784.764 GC heap before
{Heap before GC invocations=20 (full 3):
 PSYoungGen      total 176640K, used 176435K [0x00000000e0000000, 0x00000000ecd80000, 0x0000000100000000)
  eden space 161280K, 100% used [0x00000000e0000000,0x00000000e9d80000,0x00000000e9d80000)
  from space 15360K, 98% used [0x00000000ebe80000,0x00000000ecd4cc08,0x00000000ecd80000)
  to   space 17920K, 0% used [0x00000000eaa80000,0x00000000eaa80000,0x00000000ebc00000)
 ParOldGen       total 102400K, used 45049K [0x00000000a0000000, 0x00000000a6400000, 0x00000000e0000000)
  object space 102400K, 43% used [0x00000000a0000000,0x00000000a2bfe670,0x00000000a6400000)
 Metaspace       used 66044K, capacity 68572K, committed 68864K, reserved 1107968K
  class space    used 8714K, capacity 9349K, committed 9472K, reserved 1048576K
Event: 784.796 GC heap after
Heap after GC invocations=20 (full 3):
 PSYoungGen      total 192512K, used 8605K [0x00000000e0000000, 0x00000000ed080000, 0x0000000100000000)
  eden space 174592K, 0% used [0x00000000e0000000,0x00000000e0000000,0x00000000eaa80000)
  from space 17920K, 48% used [0x00000000eaa80000,0x00000000eb2e7648,0x00000000ebc00000)
  to   space 17408K, 0% used [0x00000000ebf80000,0x00000000ebf80000,0x00000000ed080000)
 ParOldGen       total 102400K, used 45049K [0x00000000a0000000, 0x00000000a6400000, 0x00000000e0000000)
  object space 102400K, 43% used [0x00000000a0000000,0x00000000a2bfe670,0x00000000a6400000)
 Metaspace       used 66044K, capacity 68572K, committed 68864K, reserved 1107968K
  class space    used 8714K, capacity 9349K, committed 9472K, reserved 1048576K
}

