# JRE version: OpenJDK Runtime Environment (8.0_152-b06) (build 1.8.0_152-release-1136-b06)
# Java VM: OpenJDK 64-Bit Server VM (25.152-b06 mixed mode windows-amd64 compressed oops)
Heap:
 PSYoungGen      total 435200K, used 116677K [0x00000000e0000000, 0x00000000fcf80000, 0x0000000100000000)
  eden space 421376K, 27% used [0x00000000e0000000,0x00000000e71f17d0,0x00000000f9b80000)
  from space 13824K, 0% used [0x00000000fc200000,0x00000000fc200000,0x00000000fcf80000)
  to   space 26624K, 0% used [0x00000000f9b80000,0x00000000f9b80000,0x00000000fb580000)
 ParOldGen       total 100864K, used 56949K [0x00000000a0000000, 0x00000000a6280000, 0x00000000e0000000)
  object space 100864K, 56% used [0x00000000a0000000,0x00000000a379d550,0x00000000a6280000)
 Metaspace       used 71417K, capacity 74356K, committed 74712K, reserved 1114112K
  class space    used 9375K, capacity 10127K, committed 10240K, reserved 1048576K
GC Heap History (10 events):
Event: 55.508 GC heap before
{Heap before GC invocations=12 (full 2):
 PSYoungGen      total 222208K, used 72747K [0x00000000e0000000, 0x00000000f5880000, 0x0000000100000000)
  eden space 207360K, 27% used [0x00000000e0000000,0x00000000e388b7a8,0x00000000eca80000)
  from space 14848K, 99% used [0x00000000eca80000,0x00000000ed8ff758,0x00000000ed900000)
  to   space 20480K, 0% used [0x00000000f4480000,0x00000000f4480000,0x00000000f5880000)
 ParOldGen       total 45056K, used 24178K [0x00000000a0000000, 0x00000000a2c00000, 0x00000000e0000000)
  object space 45056K, 53% used [0x00000000a0000000,0x00000000a179cbf0,0x00000000a2c00000)
 Metaspace       used 57133K, capacity 58860K, committed 59028K, reserved 1099776K
  class space    used 7731K, capacity 8176K, committed 8192K, reserved 1048576K
Event: 55.593 GC heap after
Heap after GC invocations=12 (full 2):
 PSYoungGen      total 328704K, used 18034K [0x00000000e0000000, 0x00000000f5900000, 0x0000000100000000)
  eden space 308224K, 0% used [0x00000000e0000000,0x00000000e0000000,0x00000000f2d00000)
  from space 20480K, 88% used [0x00000000f4480000,0x00000000f561cb08,0x00000000f5880000)
  to   space 22528K, 0% used [0x00000000f2d00000,0x00000000f2d00000,0x00000000f4300000)
 ParOldGen       total 45056K, used 24186K [0x00000000a0000000, 0x00000000a2c00000, 0x00000000e0000000)
  object space 45056K, 53% used [0x00000000a0000000,0x00000000a179ebf0,0x00000000a2c00000)
 Metaspace       used 57133K, capacity 58860K, committed 59028K, reserved 1099776K
  class space    used 7731K, capacity 8176K, committed 8192K, reserved 1048576K
}
Event: 55.593 GC heap before
{Heap before GC invocations=13 (full 3):
 PSYoungGen      total 328704K, used 18034K [0x00000000e0000000, 0x00000000f5900000, 0x0000000100000000)
  eden space 308224K, 0% used [0x00000000e0000000,0x00000000e0000000,0x00000000f2d00000)
  from space 20480K, 88% used [0x00000000f4480000,0x00000000f561cb08,0x00000000f5880000)
  to   space 22528K, 0% used [0x00000000f2d00000,0x00000000f2d00000,0x00000000f4300000)
 ParOldGen       total 45056K, used 24186K [0x00000000a0000000, 0x00000000a2c00000, 0x00000000e0000000)
  object space 45056K, 53% used [0x00000000a0000000,0x00000000a179ebf0,0x00000000a2c00000)
 Metaspace       used 57133K, capacity 58860K, committed 59028K, reserved 1099776K
  class space    used 7731K, capacity 8176K, committed 8192K, reserved 1048576K
Event: 56.179 GC heap after
Heap after GC invocations=13 (full 3):
 PSYoungGen      total 328704K, used 0K [0x00000000e0000000, 0x00000000f5900000, 0x0000000100000000)
  eden space 308224K, 0% used [0x00000000e0000000,0x00000000e0000000,0x00000000f2d00000)
  from space 20480K, 0% used [0x00000000f4480000,0x00000000f4480000,0x00000000f5880000)
  to   space 22528K, 0% used [0x00000000f2d00000,0x00000000f2d00000,0x00000000f4300000)
 ParOldGen       total 67584K, used 32908K [0x00000000a0000000, 0x00000000a4200000, 0x00000000e0000000)
  object space 67584K, 48% used [0x00000000a0000000,0x00000000a2023368,0x00000000a4200000)
 Metaspace       used 57133K, capacity 58860K, committed 59028K, reserved 1099776K
  class space    used 7731K, capacity 8176K, committed 8192K, reserved 1048576K
}
Event: 77.867 GC heap before
{Heap before GC invocations=14 (full 3):
 PSYoungGen      total 328704K, used 308224K [0x00000000e0000000, 0x00000000f5900000, 0x0000000100000000)
  eden space 308224K, 100% used [0x00000000e0000000,0x00000000f2d00000,0x00000000f2d00000)
  from space 20480K, 0% used [0x00000000f4480000,0x00000000f4480000,0x00000000f5880000)
  to   space 22528K, 0% used [0x00000000f2d00000,0x00000000f2d00000,0x00000000f4300000)
 ParOldGen       total 67584K, used 32908K [0x00000000a0000000, 0x00000000a4200000, 0x00000000e0000000)
  object space 67584K, 48% used [0x00000000a0000000,0x00000000a2023368,0x00000000a4200000)
 Metaspace       used 65109K, capacity 67302K, committed 67544K, reserved 1107968K
  class space    used 8639K, capacity 9193K, committed 9216K, reserved 1048576K
Event: 77.946 GC heap after
Heap after GC invocations=14 (full 3):
 PSYoungGen      total 330752K, used 22515K [0x00000000e0000000, 0x00000000fdc80000, 0x0000000100000000)
  eden space 308224K, 0% used [0x00000000e0000000,0x00000000e0000000,0x00000000f2d00000)
  from space 22528K, 99% used [0x00000000f2d00000,0x00000000f42fcf78,0x00000000f4300000)
  to   space 27136K, 0% used [0x00000000fc200000,0x00000000fc200000,0x00000000fdc80000)
 ParOldGen       total 67584K, used 36272K [0x00000000a0000000, 0x00000000a4200000, 0x00000000e0000000)
  object space 67584K, 53% used [0x00000000a0000000,0x00000000a236c1d8,0x00000000a4200000)
 Metaspace       used 65109K, capacity 67302K, committed 67544K, reserved 1107968K
  class space    used 8639K, capacity 9193K, committed 9216K, reserved 1048576K
}
Event: 360.115 GC heap before
{Heap before GC invocations=15 (full 3):
 PSYoungGen      total 330752K, used 330739K [0x00000000e0000000, 0x00000000fdc80000, 0x0000000100000000)
  eden space 308224K, 100% used [0x00000000e0000000,0x00000000f2d00000,0x00000000f2d00000)
  from space 22528K, 99% used [0x00000000f2d00000,0x00000000f42fcf78,0x00000000f4300000)
  to   space 27136K, 0% used [0x00000000fc200000,0x00000000fc200000,0x00000000fdc80000)
 ParOldGen       total 67584K, used 36272K [0x00000000a0000000, 0x00000000a4200000, 0x00000000e0000000)
  object space 67584K, 53% used [0x00000000a0000000,0x00000000a236c1d8,0x00000000a4200000)
 Metaspace       used 70651K, capacity 73298K, committed 73432K, reserved 1112064K
  class space    used 9284K, capacity 9984K, committed 9984K, reserved 1048576K
Event: 360.179 GC heap after
Heap after GC invocations=15 (full 3):
 PSYoungGen      total 435200K, used 13469K [0x00000000e0000000, 0x00000000fcf80000, 0x0000000100000000)
  eden space 421376K, 0% used [0x00000000e0000000,0x00000000e0000000,0x00000000f9b80000)
  from space 13824K, 97% used [0x00000000fc200000,0x00000000fcf27438,0x00000000fcf80000)
  to   space 26624K, 0% used [0x00000000f9b80000,0x00000000f9b80000,0x00000000fb580000)
 ParOldGen       total 67584K, used 53930K [0x00000000a0000000, 0x00000000a4200000, 0x00000000e0000000)
  object space 67584K, 79% used [0x00000000a0000000,0x00000000a34aa9e8,0x00000000a4200000)
 Metaspace       used 70651K, capacity 73298K, committed 73432K, reserved 1112064K
  class space    used 9284K, capacity 9984K, committed 9984K, reserved 1048576K
}
Event: 360.179 GC heap before
{Heap before GC invocations=16 (full 4):
 PSYoungGen      total 435200K, used 13469K [0x00000000e0000000, 0x00000000fcf80000, 0x0000000100000000)
  eden space 421376K, 0% used [0x00000000e0000000,0x00000000e0000000,0x00000000f9b80000)
  from space 13824K, 97% used [0x00000000fc200000,0x00000000fcf27438,0x00000000fcf80000)
  to   space 26624K, 0% used [0x00000000f9b80000,0x00000000f9b80000,0x00000000fb580000)
 ParOldGen       total 67584K, used 53930K [0x00000000a0000000, 0x00000000a4200000, 0x00000000e0000000)
  object space 67584K, 79% used [0x00000000a0000000,0x00000000a34aa9e8,0x00000000a4200000)
 Metaspace       used 70651K, capacity 73298K, committed 73432K, reserved 1112064K
  class space    used 9284K, capacity 9984K, committed 9984K, reserved 1048576K
Event: 360.649 GC heap after
Heap after GC invocations=16 (full 4):
 PSYoungGen      total 435200K, used 0K [0x00000000e0000000, 0x00000000fcf80000, 0x0000000100000000)
  eden space 421376K, 0% used [0x00000000e0000000,0x00000000e0000000,0x00000000f9b80000)
  from space 13824K, 0% used [0x00000000fc200000,0x00000000fc200000,0x00000000fcf80000)
  to   space 26624K, 0% used [0x00000000f9b80000,0x00000000f9b80000,0x00000000fb580000)
 ParOldGen       total 100864K, used 56949K [0x00000000a0000000, 0x00000000a6280000, 0x00000000e0000000)
  object space 100864K, 56% used [0x00000000a0000000,0x00000000a379d550,0x00000000a6280000)
 Metaspace       used 70651K, capacity 73298K, committed 73432K, reserved 1112064K
  class space    used 9284K, capacity 9984K, committed 9984K, reserved 1048576K
}

