# JRE version: OpenJDK Runtime Environment (8.0_152-b06) (build 1.8.0_152-release-1136-b06)
# Java VM: OpenJDK 64-Bit Server VM (25.152-b06 mixed mode windows-amd64 compressed oops)
Heap:
 PSYoungGen      total 54272K, used 14349K [0x00000000e0000000, 0x00000000e5780000, 0x0000000100000000)
  eden space 48128K, 29% used [0x00000000e0000000,0x00000000e0e037b0,0x00000000e2f00000)
  from space 6144K, 0% used [0x00000000e2f00000,0x00000000e2f00000,0x00000000e3500000)
  to   space 6144K, 0% used [0x00000000e5180000,0x00000000e5180000,0x00000000e5780000)
 ParOldGen       total 32256K, used 8325K [0x00000000a0000000, 0x00000000a1f80000, 0x00000000e0000000)
  object space 32256K, 25% used [0x00000000a0000000,0x00000000a08214a8,0x00000000a1f80000)
 Metaspace       used 22475K, capacity 22902K, committed 23040K, reserved 1069056K
  class space    used 3064K, capacity 3201K, committed 3328K, reserved 1048576K
GC Heap History (10 events):
Event: 6.124 GC heap before
{Heap before GC invocations=6 (full 0):
 PSYoungGen      total 18432K, used 18400K [0x00000000e0000000, 0x00000000e2200000, 0x0000000100000000)
  eden space 15872K, 100% used [0x00000000e0000000,0x00000000e0f80000,0x00000000e0f80000)
  from space 2560K, 98% used [0x00000000e0f80000,0x00000000e11f8020,0x00000000e1200000)
  to   space 5120K, 0% used [0x00000000e1d00000,0x00000000e1d00000,0x00000000e2200000)
 ParOldGen       total 42496K, used 4417K [0x00000000a0000000, 0x00000000a2980000, 0x00000000e0000000)
  object space 42496K, 10% used [0x00000000a0000000,0x00000000a04505d8,0x00000000a2980000)
 Metaspace       used 13916K, capacity 14256K, committed 14464K, reserved 1060864K
  class space    used 1934K, capacity 2058K, committed 2176K, reserved 1048576K
Event: 6.132 GC heap after
Heap after GC invocations=6 (full 0):
 PSYoungGen      total 29184K, used 4361K [0x00000000e0000000, 0x00000000e2a00000, 0x0000000100000000)
  eden space 24064K, 0% used [0x00000000e0000000,0x00000000e0000000,0x00000000e1780000)
  from space 5120K, 85% used [0x00000000e1d00000,0x00000000e2142488,0x00000000e2200000)
  to   space 5632K, 0% used [0x00000000e1780000,0x00000000e1780000,0x00000000e1d00000)
 ParOldGen       total 42496K, used 4425K [0x00000000a0000000, 0x00000000a2980000, 0x00000000e0000000)
  object space 42496K, 10% used [0x00000000a0000000,0x00000000a04525d8,0x00000000a2980000)
 Metaspace       used 13916K, capacity 14256K, committed 14464K, reserved 1060864K
  class space    used 1934K, capacity 2058K, committed 2176K, reserved 1048576K
}
Event: 7.073 GC heap before
{Heap before GC invocations=7 (full 0):
 PSYoungGen      total 29184K, used 28425K [0x00000000e0000000, 0x00000000e2a00000, 0x0000000100000000)
  eden space 24064K, 100% used [0x00000000e0000000,0x00000000e1780000,0x00000000e1780000)
  from space 5120K, 85% used [0x00000000e1d00000,0x00000000e2142488,0x00000000e2200000)
  to   space 5632K, 0% used [0x00000000e1780000,0x00000000e1780000,0x00000000e1d00000)
 ParOldGen       total 42496K, used 4425K [0x00000000a0000000, 0x00000000a2980000, 0x00000000e0000000)
  object space 42496K, 10% used [0x00000000a0000000,0x00000000a04525d8,0x00000000a2980000)
 Metaspace       used 16267K, capacity 16592K, committed 16896K, reserved 1062912K
  class space    used 2321K, capacity 2474K, committed 2560K, reserved 1048576K
Event: 7.096 GC heap after
Heap after GC invocations=7 (full 0):
 PSYoungGen      total 29696K, used 5010K [0x00000000e0000000, 0x00000000e3b00000, 0x0000000100000000)
  eden space 24064K, 0% used [0x00000000e0000000,0x00000000e0000000,0x00000000e1780000)
  from space 5632K, 88% used [0x00000000e1780000,0x00000000e1c64a90,0x00000000e1d00000)
  to   space 6144K, 0% used [0x00000000e3500000,0x00000000e3500000,0x00000000e3b00000)
 ParOldGen       total 42496K, used 5330K [0x00000000a0000000, 0x00000000a2980000, 0x00000000e0000000)
  object space 42496K, 12% used [0x00000000a0000000,0x00000000a0534be0,0x00000000a2980000)
 Metaspace       used 16267K, capacity 16592K, committed 16896K, reserved 1062912K
  class space    used 2321K, capacity 2474K, committed 2560K, reserved 1048576K
}
Event: 8.755 GC heap before
{Heap before GC invocations=8 (full 0):
 PSYoungGen      total 29696K, used 29074K [0x00000000e0000000, 0x00000000e3b00000, 0x0000000100000000)
  eden space 24064K, 100% used [0x00000000e0000000,0x00000000e1780000,0x00000000e1780000)
  from space 5632K, 88% used [0x00000000e1780000,0x00000000e1c64a90,0x00000000e1d00000)
  to   space 6144K, 0% used [0x00000000e3500000,0x00000000e3500000,0x00000000e3b00000)
 ParOldGen       total 42496K, used 5330K [0x00000000a0000000, 0x00000000a2980000, 0x00000000e0000000)
  object space 42496K, 12% used [0x00000000a0000000,0x00000000a0534be0,0x00000000a2980000)
 Metaspace       used 18805K, capacity 19248K, committed 19328K, reserved 1064960K
  class space    used 2721K, capacity 2879K, committed 2944K, reserved 1048576K
Event: 8.774 GC heap after
Heap after GC invocations=8 (full 0):
 PSYoungGen      total 54272K, used 5162K [0x00000000e0000000, 0x00000000e3b00000, 0x0000000100000000)
  eden space 48128K, 0% used [0x00000000e0000000,0x00000000e0000000,0x00000000e2f00000)
  from space 6144K, 84% used [0x00000000e3500000,0x00000000e3a0a870,0x00000000e3b00000)
  to   space 6144K, 0% used [0x00000000e2f00000,0x00000000e2f00000,0x00000000e3500000)
 ParOldGen       total 42496K, used 6315K [0x00000000a0000000, 0x00000000a2980000, 0x00000000e0000000)
  object space 42496K, 14% used [0x00000000a0000000,0x00000000a062ac40,0x00000000a2980000)
 Metaspace       used 18805K, capacity 19248K, committed 19328K, reserved 1064960K
  class space    used 2721K, capacity 2879K, committed 2944K, reserved 1048576K
}
Event: 9.174 GC heap before
{Heap before GC invocations=9 (full 0):
 PSYoungGen      total 54272K, used 11626K [0x00000000e0000000, 0x00000000e3b00000, 0x0000000100000000)
  eden space 48128K, 13% used [0x00000000e0000000,0x00000000e0650030,0x00000000e2f00000)
  from space 6144K, 84% used [0x00000000e3500000,0x00000000e3a0a870,0x00000000e3b00000)
  to   space 6144K, 0% used [0x00000000e2f00000,0x00000000e2f00000,0x00000000e3500000)
 ParOldGen       total 42496K, used 6315K [0x00000000a0000000, 0x00000000a2980000, 0x00000000e0000000)
  object space 42496K, 14% used [0x00000000a0000000,0x00000000a062ac40,0x00000000a2980000)
 Metaspace       used 20826K, capacity 21232K, committed 21248K, reserved 1067008K
  class space    used 2916K, capacity 3071K, committed 3072K, reserved 1048576K
Event: 9.189 GC heap after
Heap after GC invocations=9 (full 0):
 PSYoungGen      total 54272K, used 3349K [0x00000000e0000000, 0x00000000e5780000, 0x0000000100000000)
  eden space 48128K, 0% used [0x00000000e0000000,0x00000000e0000000,0x00000000e2f00000)
  from space 6144K, 54% used [0x00000000e2f00000,0x00000000e32456c8,0x00000000e3500000)
  to   space 6144K, 0% used [0x00000000e5180000,0x00000000e5180000,0x00000000e5780000)
 ParOldGen       total 42496K, used 7151K [0x00000000a0000000, 0x00000000a2980000, 0x00000000e0000000)
  object space 42496K, 16% used [0x00000000a0000000,0x00000000a06fbef8,0x00000000a2980000)
 Metaspace       used 20826K, capacity 21232K, committed 21248K, reserved 1067008K
  class space    used 2916K, capacity 3071K, committed 3072K, reserved 1048576K
}
Event: 9.189 GC heap before
{Heap before GC invocations=10 (full 1):
 PSYoungGen      total 54272K, used 3349K [0x00000000e0000000, 0x00000000e5780000, 0x0000000100000000)
  eden space 48128K, 0% used [0x00000000e0000000,0x00000000e0000000,0x00000000e2f00000)
  from space 6144K, 54% used [0x00000000e2f00000,0x00000000e32456c8,0x00000000e3500000)
  to   space 6144K, 0% used [0x00000000e5180000,0x00000000e5180000,0x00000000e5780000)
 ParOldGen       total 42496K, used 7151K [0x00000000a0000000, 0x00000000a2980000, 0x00000000e0000000)
  object space 42496K, 16% used [0x00000000a0000000,0x00000000a06fbef8,0x00000000a2980000)
 Metaspace       used 20826K, capacity 21232K, committed 21248K, reserved 1067008K
  class space    used 2916K, capacity 3071K, committed 3072K, reserved 1048576K
Event: 9.275 GC heap after
Heap after GC invocations=10 (full 1):
 PSYoungGen      total 54272K, used 0K [0x00000000e0000000, 0x00000000e5780000, 0x0000000100000000)
  eden space 48128K, 0% used [0x00000000e0000000,0x00000000e0000000,0x00000000e2f00000)
  from space 6144K, 0% used [0x00000000e2f00000,0x00000000e2f00000,0x00000000e3500000)
  to   space 6144K, 0% used [0x00000000e5180000,0x00000000e5180000,0x00000000e5780000)
 ParOldGen       total 32256K, used 8325K [0x00000000a0000000, 0x00000000a1f80000, 0x00000000e0000000)
  object space 32256K, 25% used [0x00000000a0000000,0x00000000a08214a8,0x00000000a1f80000)
 Metaspace       used 20826K, capacity 21232K, committed 21248K, reserved 1067008K
  class space    used 2916K, capacity 3071K, committed 3072K, reserved 1048576K
}

