# JRE version: OpenJDK Runtime Environment (8.0_152-b06) (build 1.8.0_152-release-1136-b06)
# Java VM: OpenJDK 64-Bit Server VM (25.152-b06 mixed mode windows-amd64 compressed oops)
Heap:
 PSYoungGen      total 115712K, used 30226K [0x00000000e0000000, 0x00000000e8d80000, 0x0000000100000000)
  eden space 102912K, 19% used [0x00000000e0000000,0x00000000e13bd680,0x00000000e6480000)
  from space 12800K, 78% used [0x00000000e6480000,0x00000000e6e471e0,0x00000000e7100000)
  to   space 13312K, 0% used [0x00000000e8080000,0x00000000e8080000,0x00000000e8d80000)
 ParOldGen       total 86528K, used 32117K [0x00000000a0000000, 0x00000000a5480000, 0x00000000e0000000)
  object space 86528K, 37% used [0x00000000a0000000,0x00000000a1f5d698,0x00000000a5480000)
 Metaspace       used 59062K, capacity 60822K, committed 61056K, reserved 1101824K
  class space    used 8020K, capacity 8472K, committed 8576K, reserved 1048576K
GC Heap History (10 events):
Event: 27.759 GC heap before
{Heap before GC invocations=18 (full 2):
 PSYoungGen      total 80896K, used 80408K [0x00000000e0000000, 0x00000000e6b80000, 0x0000000100000000)
  eden space 72704K, 100% used [0x00000000e0000000,0x00000000e4700000,0x00000000e4700000)
  from space 8192K, 94% used [0x00000000e4700000,0x00000000e4e86210,0x00000000e4f00000)
  to   space 9216K, 0% used [0x00000000e6280000,0x00000000e6280000,0x00000000e6b80000)
 ParOldGen       total 53760K, used 15881K [0x00000000a0000000, 0x00000000a3480000, 0x00000000e0000000)
  object space 53760K, 29% used [0x00000000a0000000,0x00000000a0f82700,0x00000000a3480000)
 Metaspace       used 46425K, capacity 47436K, committed 47744K, reserved 1091584K
  class space    used 6221K, capacity 6516K, committed 6528K, reserved 1048576K
Event: 27.783 GC heap after
Heap after GC invocations=18 (full 2):
 PSYoungGen      total 97792K, used 9214K [0x00000000e0000000, 0x00000000e7100000, 0x0000000100000000)
  eden space 88576K, 0% used [0x00000000e0000000,0x00000000e0000000,0x00000000e5680000)
  from space 9216K, 99% used [0x00000000e6280000,0x00000000e6b7fa80,0x00000000e6b80000)
  to   space 12288K, 0% used [0x00000000e5680000,0x00000000e5680000,0x00000000e6280000)
 ParOldGen       total 53760K, used 20194K [0x00000000a0000000, 0x00000000a3480000, 0x00000000e0000000)
  object space 53760K, 37% used [0x00000000a0000000,0x00000000a13b8850,0x00000000a3480000)
 Metaspace       used 46425K, capacity 47436K, committed 47744K, reserved 1091584K
  class space    used 6221K, capacity 6516K, committed 6528K, reserved 1048576K
}
Event: 33.004 GC heap before
{Heap before GC invocations=19 (full 2):
 PSYoungGen      total 97792K, used 97790K [0x00000000e0000000, 0x00000000e7100000, 0x0000000100000000)
  eden space 88576K, 100% used [0x00000000e0000000,0x00000000e5680000,0x00000000e5680000)
  from space 9216K, 99% used [0x00000000e6280000,0x00000000e6b7fa80,0x00000000e6b80000)
  to   space 12288K, 0% used [0x00000000e5680000,0x00000000e5680000,0x00000000e6280000)
 ParOldGen       total 53760K, used 20194K [0x00000000a0000000, 0x00000000a3480000, 0x00000000e0000000)
  object space 53760K, 37% used [0x00000000a0000000,0x00000000a13b8850,0x00000000a3480000)
 Metaspace       used 55709K, capacity 57284K, committed 57344K, reserved 1099776K
  class space    used 7511K, capacity 7936K, committed 7936K, reserved 1048576K
Event: 33.043 GC heap after
Heap after GC invocations=19 (full 2):
 PSYoungGen      total 100864K, used 8903K [0x00000000e0000000, 0x00000000e7d80000, 0x0000000100000000)
  eden space 88576K, 0% used [0x00000000e0000000,0x00000000e0000000,0x00000000e5680000)
  from space 12288K, 72% used [0x00000000e5680000,0x00000000e5f31ee8,0x00000000e6280000)
  to   space 12800K, 0% used [0x00000000e7100000,0x00000000e7100000,0x00000000e7d80000)
 ParOldGen       total 53760K, used 29414K [0x00000000a0000000, 0x00000000a3480000, 0x00000000e0000000)
  object space 53760K, 54% used [0x00000000a0000000,0x00000000a1cb9998,0x00000000a3480000)
 Metaspace       used 55709K, capacity 57284K, committed 57344K, reserved 1099776K
  class space    used 7511K, capacity 7936K, committed 7936K, reserved 1048576K
}
Event: 34.245 GC heap before
{Heap before GC invocations=20 (full 2):
 PSYoungGen      total 100864K, used 40524K [0x00000000e0000000, 0x00000000e7d80000, 0x0000000100000000)
  eden space 88576K, 35% used [0x00000000e0000000,0x00000000e1ee11f8,0x00000000e5680000)
  from space 12288K, 72% used [0x00000000e5680000,0x00000000e5f31ee8,0x00000000e6280000)
  to   space 12800K, 0% used [0x00000000e7100000,0x00000000e7100000,0x00000000e7d80000)
 ParOldGen       total 53760K, used 29414K [0x00000000a0000000, 0x00000000a3480000, 0x00000000e0000000)
  object space 53760K, 54% used [0x00000000a0000000,0x00000000a1cb9998,0x00000000a3480000)
 Metaspace       used 57183K, capacity 58892K, committed 59028K, reserved 1099776K
  class space    used 7746K, capacity 8165K, committed 8192K, reserved 1048576K
Event: 34.280 GC heap after
Heap after GC invocations=20 (full 2):
 PSYoungGen      total 115712K, used 6951K [0x00000000e0000000, 0x00000000e8100000, 0x0000000100000000)
  eden space 102912K, 0% used [0x00000000e0000000,0x00000000e0000000,0x00000000e6480000)
  from space 12800K, 54% used [0x00000000e7100000,0x00000000e77c9c58,0x00000000e7d80000)
  to   space 12800K, 0% used [0x00000000e6480000,0x00000000e6480000,0x00000000e7100000)
 ParOldGen       total 53760K, used 29422K [0x00000000a0000000, 0x00000000a3480000, 0x00000000e0000000)
  object space 53760K, 54% used [0x00000000a0000000,0x00000000a1cbb998,0x00000000a3480000)
 Metaspace       used 57183K, capacity 58892K, committed 59028K, reserved 1099776K
  class space    used 7746K, capacity 8165K, committed 8192K, reserved 1048576K
}
Event: 34.280 GC heap before
{Heap before GC invocations=21 (full 3):
 PSYoungGen      total 115712K, used 6951K [0x00000000e0000000, 0x00000000e8100000, 0x0000000100000000)
  eden space 102912K, 0% used [0x00000000e0000000,0x00000000e0000000,0x00000000e6480000)
  from space 12800K, 54% used [0x00000000e7100000,0x00000000e77c9c58,0x00000000e7d80000)
  to   space 12800K, 0% used [0x00000000e6480000,0x00000000e6480000,0x00000000e7100000)
 ParOldGen       total 53760K, used 29422K [0x00000000a0000000, 0x00000000a3480000, 0x00000000e0000000)
  object space 53760K, 54% used [0x00000000a0000000,0x00000000a1cbb998,0x00000000a3480000)
 Metaspace       used 57183K, capacity 58892K, committed 59028K, reserved 1099776K
  class space    used 7746K, capacity 8165K, committed 8192K, reserved 1048576K
Event: 34.766 GC heap after
Heap after GC invocations=21 (full 3):
 PSYoungGen      total 115712K, used 0K [0x00000000e0000000, 0x00000000e8100000, 0x0000000100000000)
  eden space 102912K, 0% used [0x00000000e0000000,0x00000000e0000000,0x00000000e6480000)
  from space 12800K, 0% used [0x00000000e7100000,0x00000000e7100000,0x00000000e7d80000)
  to   space 12800K, 0% used [0x00000000e6480000,0x00000000e6480000,0x00000000e7100000)
 ParOldGen       total 86528K, used 32109K [0x00000000a0000000, 0x00000000a5480000, 0x00000000e0000000)
  object space 86528K, 37% used [0x00000000a0000000,0x00000000a1f5b698,0x00000000a5480000)
 Metaspace       used 57183K, capacity 58892K, committed 59028K, reserved 1099776K
  class space    used 7746K, capacity 8165K, committed 8192K, reserved 1048576K
}
Event: 37.903 GC heap before
{Heap before GC invocations=22 (full 3):
 PSYoungGen      total 115712K, used 102912K [0x00000000e0000000, 0x00000000e8100000, 0x0000000100000000)
  eden space 102912K, 100% used [0x00000000e0000000,0x00000000e6480000,0x00000000e6480000)
  from space 12800K, 0% used [0x00000000e7100000,0x00000000e7100000,0x00000000e7d80000)
  to   space 12800K, 0% used [0x00000000e6480000,0x00000000e6480000,0x00000000e7100000)
 ParOldGen       total 86528K, used 32109K [0x00000000a0000000, 0x00000000a5480000, 0x00000000e0000000)
  object space 86528K, 37% used [0x00000000a0000000,0x00000000a1f5b698,0x00000000a5480000)
 Metaspace       used 59005K, capacity 60816K, committed 61056K, reserved 1101824K
  class space    used 8012K, capacity 8471K, committed 8576K, reserved 1048576K
Event: 37.921 GC heap after
Heap after GC invocations=22 (full 3):
 PSYoungGen      total 115712K, used 10012K [0x00000000e0000000, 0x00000000e8d80000, 0x0000000100000000)
  eden space 102912K, 0% used [0x00000000e0000000,0x00000000e0000000,0x00000000e6480000)
  from space 12800K, 78% used [0x00000000e6480000,0x00000000e6e471e0,0x00000000e7100000)
  to   space 13312K, 0% used [0x00000000e8080000,0x00000000e8080000,0x00000000e8d80000)
 ParOldGen       total 86528K, used 32117K [0x00000000a0000000, 0x00000000a5480000, 0x00000000e0000000)
  object space 86528K, 37% used [0x00000000a0000000,0x00000000a1f5d698,0x00000000a5480000)
 Metaspace       used 59005K, capacity 60816K, committed 61056K, reserved 1101824K
  class space    used 8012K, capacity 8471K, committed 8576K, reserved 1048576K
}

