# JRE version: OpenJDK Runtime Environment (8.0_152-b06) (build 1.8.0_152-release-1136-b06)
# Java VM: OpenJDK 64-Bit Server VM (25.152-b06 mixed mode windows-amd64 compressed oops)
Heap:
 PSYoungGen      total 411648K, used 270791K [0x00000000e0000000, 0x00000000fc800000, 0x0000000100000000)
  eden space 356352K, 75% used [0x00000000e0000000,0x00000000f0582780,0x00000000f5c00000)
  from space 55296K, 5% used [0x00000000f5c00000,0x00000000f5eef7d0,0x00000000f9200000)
  to   space 50688K, 0% used [0x00000000f9680000,0x00000000f9680000,0x00000000fc800000)
 ParOldGen       total 192512K, used 96869K [0x00000000a0000000, 0x00000000abc00000, 0x00000000e0000000)
  object space 192512K, 50% used [0x00000000a0000000,0x00000000a5e994f8,0x00000000abc00000)
 Metaspace       used 108784K, capacity 113342K, committed 113624K, reserved 1148928K
  class space    used 13424K, capacity 14420K, committed 14592K, reserved 1048576K
GC Heap History (10 events):
Event: 727.156 GC heap before
{Heap before GC invocations=38 (full 4):
 PSYoungGen      total 325120K, used 275707K [0x00000000e0000000, 0x00000000f9a00000, 0x0000000100000000)
  eden space 275968K, 98% used [0x00000000e0000000,0x00000000f0a62f18,0x00000000f0d80000)
  from space 49152K, 5% used [0x00000000f0d80000,0x00000000f105be78,0x00000000f3d80000)
  to   space 49152K, 0% used [0x00000000f6a00000,0x00000000f6a00000,0x00000000f9a00000)
 ParOldGen       total 185344K, used 128515K [0x00000000a0000000, 0x00000000ab500000, 0x00000000e0000000)
  object space 185344K, 69% used [0x00000000a0000000,0x00000000a7d80e88,0x00000000ab500000)
 Metaspace       used 101306K, capacity 105994K, committed 106072K, reserved 1142784K
  class space    used 12649K, capacity 13684K, committed 13696K, reserved 1048576K
Event: 727.393 GC heap after
Heap after GC invocations=38 (full 4):
 PSYoungGen      total 359424K, used 49132K [0x00000000e0000000, 0x00000000faf80000, 0x0000000100000000)
  eden space 310272K, 0% used [0x00000000e0000000,0x00000000e0000000,0x00000000f2f00000)
  from space 49152K, 99% used [0x00000000f6a00000,0x00000000f99fb3c0,0x00000000f9a00000)
  to   space 60416K, 0% used [0x00000000f2f00000,0x00000000f2f00000,0x00000000f6a00000)
 ParOldGen       total 185344K, used 136274K [0x00000000a0000000, 0x00000000ab500000, 0x00000000e0000000)
  object space 185344K, 73% used [0x00000000a0000000,0x00000000a8514998,0x00000000ab500000)
 Metaspace       used 101306K, capacity 105994K, committed 106072K, reserved 1142784K
  class space    used 12649K, capacity 13684K, committed 13696K, reserved 1048576K
}
Event: 753.472 GC heap before
{Heap before GC invocations=39 (full 4):
 PSYoungGen      total 359424K, used 355962K [0x00000000e0000000, 0x00000000faf80000, 0x0000000100000000)
  eden space 310272K, 98% used [0x00000000e0000000,0x00000000f2ba3528,0x00000000f2f00000)
  from space 49152K, 99% used [0x00000000f6a00000,0x00000000f99fb3c0,0x00000000f9a00000)
  to   space 60416K, 0% used [0x00000000f2f00000,0x00000000f2f00000,0x00000000f6a00000)
 ParOldGen       total 185344K, used 136274K [0x00000000a0000000, 0x00000000ab500000, 0x00000000e0000000)
  object space 185344K, 73% used [0x00000000a0000000,0x00000000a8514998,0x00000000ab500000)
 Metaspace       used 101624K, capacity 106384K, committed 106712K, reserved 1142784K
  class space    used 12683K, capacity 13727K, committed 13824K, reserved 1048576K
Event: 753.618 GC heap after
Heap after GC invocations=39 (full 4):
 PSYoungGen      total 370688K, used 6388K [0x00000000e0000000, 0x00000000fd000000, 0x0000000100000000)
  eden space 310272K, 0% used [0x00000000e0000000,0x00000000e0000000,0x00000000f2f00000)
  from space 60416K, 10% used [0x00000000f2f00000,0x00000000f353d180,0x00000000f6a00000)
  to   space 58880K, 0% used [0x00000000f9680000,0x00000000f9680000,0x00000000fd000000)
 ParOldGen       total 185344K, used 170604K [0x00000000a0000000, 0x00000000ab500000, 0x00000000e0000000)
  object space 185344K, 92% used [0x00000000a0000000,0x00000000aa69b108,0x00000000ab500000)
 Metaspace       used 101624K, capacity 106384K, committed 106712K, reserved 1142784K
  class space    used 12683K, capacity 13727K, committed 13824K, reserved 1048576K
}
Event: 753.618 GC heap before
{Heap before GC invocations=40 (full 5):
 PSYoungGen      total 370688K, used 6388K [0x00000000e0000000, 0x00000000fd000000, 0x0000000100000000)
  eden space 310272K, 0% used [0x00000000e0000000,0x00000000e0000000,0x00000000f2f00000)
  from space 60416K, 10% used [0x00000000f2f00000,0x00000000f353d180,0x00000000f6a00000)
  to   space 58880K, 0% used [0x00000000f9680000,0x00000000f9680000,0x00000000fd000000)
 ParOldGen       total 185344K, used 170604K [0x00000000a0000000, 0x00000000ab500000, 0x00000000e0000000)
  object space 185344K, 92% used [0x00000000a0000000,0x00000000aa69b108,0x00000000ab500000)
 Metaspace       used 101624K, capacity 106384K, committed 106712K, reserved 1142784K
  class space    used 12683K, capacity 13727K, committed 13824K, reserved 1048576K
Event: 754.177 GC heap after
Heap after GC invocations=40 (full 5):
 PSYoungGen      total 370688K, used 0K [0x00000000e0000000, 0x00000000fd000000, 0x0000000100000000)
  eden space 310272K, 0% used [0x00000000e0000000,0x00000000e0000000,0x00000000f2f00000)
  from space 60416K, 0% used [0x00000000f2f00000,0x00000000f2f00000,0x00000000f6a00000)
  to   space 58880K, 0% used [0x00000000f9680000,0x00000000f9680000,0x00000000fd000000)
 ParOldGen       total 192512K, used 80082K [0x00000000a0000000, 0x00000000abc00000, 0x00000000e0000000)
  object space 192512K, 41% used [0x00000000a0000000,0x00000000a4e34a40,0x00000000abc00000)
 Metaspace       used 101355K, capacity 105642K, committed 106712K, reserved 1142784K
  class space    used 12594K, capacity 13573K, committed 13824K, reserved 1048576K
}
Event: 761.943 GC heap before
{Heap before GC invocations=41 (full 5):
 PSYoungGen      total 370688K, used 309724K [0x00000000e0000000, 0x00000000fd000000, 0x0000000100000000)
  eden space 310272K, 99% used [0x00000000e0000000,0x00000000f2e771d8,0x00000000f2f00000)
  from space 60416K, 0% used [0x00000000f2f00000,0x00000000f2f00000,0x00000000f6a00000)
  to   space 58880K, 0% used [0x00000000f9680000,0x00000000f9680000,0x00000000fd000000)
 ParOldGen       total 192512K, used 80082K [0x00000000a0000000, 0x00000000abc00000, 0x00000000e0000000)
  object space 192512K, 41% used [0x00000000a0000000,0x00000000a4e34a40,0x00000000abc00000)
 Metaspace       used 101662K, capacity 105998K, committed 106968K, reserved 1142784K
  class space    used 12630K, capacity 13615K, committed 13824K, reserved 1048576K
Event: 761.982 GC heap after
Heap after GC invocations=41 (full 5):
 PSYoungGen      total 407040K, used 20427K [0x00000000e0000000, 0x00000000fc800000, 0x0000000100000000)
  eden space 356352K, 0% used [0x00000000e0000000,0x00000000e0000000,0x00000000f5c00000)
  from space 50688K, 40% used [0x00000000f9680000,0x00000000faa72df8,0x00000000fc800000)
  to   space 55296K, 0% used [0x00000000f5c00000,0x00000000f5c00000,0x00000000f9200000)
 ParOldGen       total 192512K, used 80090K [0x00000000a0000000, 0x00000000abc00000, 0x00000000e0000000)
  object space 192512K, 41% used [0x00000000a0000000,0x00000000a4e36a40,0x00000000abc00000)
 Metaspace       used 101662K, capacity 105998K, committed 106968K, reserved 1142784K
  class space    used 12630K, capacity 13615K, committed 13824K, reserved 1048576K
}
Event: 1525.918 GC heap before
{Heap before GC invocations=42 (full 5):
 PSYoungGen      total 407040K, used 376779K [0x00000000e0000000, 0x00000000fc800000, 0x0000000100000000)
  eden space 356352K, 100% used [0x00000000e0000000,0x00000000f5c00000,0x00000000f5c00000)
  from space 50688K, 40% used [0x00000000f9680000,0x00000000faa72df8,0x00000000fc800000)
  to   space 55296K, 0% used [0x00000000f5c00000,0x00000000f5c00000,0x00000000f9200000)
 ParOldGen       total 192512K, used 80090K [0x00000000a0000000, 0x00000000abc00000, 0x00000000e0000000)
  object space 192512K, 41% used [0x00000000a0000000,0x00000000a4e36a40,0x00000000abc00000)
 Metaspace       used 102851K, capacity 107356K, committed 107864K, reserved 1142784K
  class space    used 12781K, capacity 13769K, committed 13952K, reserved 1048576K
Event: 1526.159 GC heap after
Heap after GC invocations=42 (full 5):
 PSYoungGen      total 411648K, used 3005K [0x00000000e0000000, 0x00000000fc800000, 0x0000000100000000)
  eden space 356352K, 0% used [0x00000000e0000000,0x00000000e0000000,0x00000000f5c00000)
  from space 55296K, 5% used [0x00000000f5c00000,0x00000000f5eef7d0,0x00000000f9200000)
  to   space 50688K, 0% used [0x00000000f9680000,0x00000000f9680000,0x00000000fc800000)
 ParOldGen       total 192512K, used 96869K [0x00000000a0000000, 0x00000000abc00000, 0x00000000e0000000)
  object space 192512K, 50% used [0x00000000a0000000,0x00000000a5e994f8,0x00000000abc00000)
 Metaspace       used 102851K, capacity 107356K, committed 107864K, reserved 1142784K
  class space    used 12781K, capacity 13769K, committed 13952K, reserved 1048576K
}

